Using pre-set license
Built from '2020.3/staging' branch; Version is '2020.3.30f1 (1fb1bf06830e) revision 2077119'; Using compiler version '192528614'; Build Type 'Release'
OS: 'Windows 11  (10.0.22000) 64bit CoreCountrySpecific' Language: 'zh' Physical Memory: 16236 MB
BatchMode: 1, IsHumanControllingUs: 0, StartBugReporterOnCrash: 0, Is64bit: 1, IsPro: 0

COMMAND LINE ARGUMENTS:
D:\Unity\2020.3.30f1\Editor\Unity.exe
-adb2
-batchMode
-noUpm
-name
AssetImportWorker0
-projectPath
D:/github/Tech_Demo
-logFile
Logs/AssetImportWorker0.log
-srvPort
11532
Successfully changed project path to: D:/github/Tech_Demo
D:/github/Tech_Demo
Using Asset Import Pipeline V2.
Refreshing native plugins compatible for Editor in 47.05 ms, found 2 plugins.
Preloading 0 native plugins for Editor in 0.00 ms.
Initialize engine version: 2020.3.30f1 (1fb1bf06830e)
[Subsystems] Discovering subsystems at path D:/Unity/2020.3.30f1/Editor/Data/Resources/UnitySubsystems
[Subsystems] Discovering subsystems at path D:/github/Tech_Demo/Assets
GfxDevice: creating device client; threaded=0
Direct3D:
    Version:  Direct3D 11.0 [level 11.1]
    Renderer: NVIDIA GeForce RTX 3060 Laptop GPU (ID=0x2560)
    Vendor:   
    VRAM:     6023 MB
    Driver:   30.0.15.1215
Initialize mono
Mono path[0] = 'D:/Unity/2020.3.30f1/Editor/Data/Managed'
Mono path[1] = 'D:/Unity/2020.3.30f1/Editor/Data/MonoBleedingEdge/lib/mono/unityjit'
Mono config path = 'D:/Unity/2020.3.30f1/Editor/Data/MonoBleedingEdge/etc'
Using monoOptions --debugger-agent=transport=dt_socket,embedding=1,server=y,suspend=n,address=127.0.0.1:56636
Begin MonoManager ReloadAssembly
Registering precompiled unity dll's ...
Register platform support module: D:/Unity/2020.3.30f1/Editor/Data/PlaybackEngines/WindowsStandaloneSupport/UnityEditor.WindowsStandalone.Extensions.dll
Registered in 0.001052 seconds.
Native extension for WindowsStandalone target not found
Refreshing native plugins compatible for Editor in 36.48 ms, found 2 plugins.
Preloading 0 native plugins for Editor in 0.00 ms.
Mono: successfully reloaded assembly
- Completed reload, in  0.461 seconds
Domain Reload Profiling:
	ReloadAssembly (461ms)
		BeginReloadAssembly (80ms)
			ExecutionOrderSort (0ms)
			DisableScriptedObjects (0ms)
			BackupInstance (0ms)
			ReleaseScriptingObjects (0ms)
			CreateAndSetChildDomain (1ms)
		EndReloadAssembly (333ms)
			LoadAssemblies (80ms)
			RebuildTransferFunctionScriptingTraits (0ms)
			SetupTypeCache (101ms)
			ReleaseScriptCaches (0ms)
			RebuildScriptCaches (19ms)
			SetupLoadedEditorAssemblies (139ms)
				LogAssemblyErrors (0ms)
				InitializePlatformSupportModulesInManaged (3ms)
				SetLoadedEditorAssemblies (0ms)
				RefreshPlugins (37ms)
				BeforeProcessingInitializeOnLoad (12ms)
				ProcessInitializeOnLoadAttributes (65ms)
				ProcessInitializeOnLoadMethodAttributes (21ms)
				AfterProcessingInitializeOnLoad (0ms)
				EditorAssembliesLoaded (0ms)
			ExecutionOrderSort2 (0ms)
			AwakeInstancesAfterBackupRestoration (0ms)
Platform modules already initialized, skipping
Registering precompiled user dll's ...
Registered in 0.006587 seconds.
Begin MonoManager ReloadAssembly
Symbol file LoadedFromMemory doesn't match image D:\github\Tech_Demo\Library\PackageCache\com.unity.collab-proxy@1.15.15\Lib\Editor\PlasticSCM\unityplastic.dll
Native extension for WindowsStandalone target not found
Refreshing native plugins compatible for Editor in 0.69 ms, found 2 plugins.
Preloading 0 native plugins for Editor in 0.00 ms.
Mono: successfully reloaded assembly
- Completed reload, in  0.872 seconds
Domain Reload Profiling:
	ReloadAssembly (873ms)
		BeginReloadAssembly (141ms)
			ExecutionOrderSort (0ms)
			DisableScriptedObjects (4ms)
			BackupInstance (0ms)
			ReleaseScriptingObjects (0ms)
			CreateAndSetChildDomain (16ms)
		EndReloadAssembly (691ms)
			LoadAssemblies (128ms)
			RebuildTransferFunctionScriptingTraits (0ms)
			SetupTypeCache (213ms)
			ReleaseScriptCaches (0ms)
			RebuildScriptCaches (35ms)
			SetupLoadedEditorAssemblies (291ms)
				LogAssemblyErrors (0ms)
				InitializePlatformSupportModulesInManaged (3ms)
				SetLoadedEditorAssemblies (0ms)
				RefreshPlugins (1ms)
				BeforeProcessingInitializeOnLoad (69ms)
				ProcessInitializeOnLoadAttributes (165ms)
				ProcessInitializeOnLoadMethodAttributes (51ms)
				AfterProcessingInitializeOnLoad (2ms)
				EditorAssembliesLoaded (0ms)
			ExecutionOrderSort2 (0ms)
			AwakeInstancesAfterBackupRestoration (5ms)
Platform modules already initialized, skipping
========================================================================
Worker process is ready to serve import requests
Launched and connected shader compiler UnityShaderCompiler.exe after 0.05 seconds
Refreshing native plugins compatible for Editor in 0.69 ms, found 2 plugins.
Preloading 0 native plugins for Editor in 0.00 ms.
Unloading 2504 Unused Serialized files (Serialized files now loaded: 0)
System memory in use before: 97.5 MB.
System memory in use after: 97.7 MB.

Unloading 60 unused Assets to reduce memory usage. Loaded Objects now: 2909.
Total: 5.660900 ms (FindLiveObjects: 0.196600 ms CreateObjectMapping: 0.062300 ms MarkObjects: 5.330000 ms  DeleteObjects: 0.071100 ms)

AssetImportParameters requested are different than current active one (requested -> active):
  custom:framework-win-MediaFoundation: 216162199b28c13a410421893ffa2e32 -> 
  custom:video-decoder-ogg-theora: a1e56fd34408186e4bbccfd4996cb3dc -> 
  custom:container-muxer-webm: aa71ff27fc2769a1b78a27578f13a17b -> 
  custom:container-demuxer-webm: 4f35f7cbe854078d1ac9338744f61a02 -> 
  custom:container-demuxer-ogg: 62fdf1f143b41e24485cea50d1cbac27 -> 
  custom:video-encoder-webm-vp8: eb34c28f22e8b96e1ab97ce403110664 -> 
  custom:video-codec-MediaFoundation-h265: 746d11721c4dcdbdad8f713fa42b33f4 -> 
  custom:video-decoder-webm-vp8: 9c59270c3fd7afecdb556c50c9e8de78 -> 
  custom:audio-decoder-ogg-vorbis: bf7c407c2cedff20999df2af8eb42d56 -> 
  custom:audio-encoder-webm-vorbis: bf7c407c2cedff20999df2af8eb42d56 -> 
========================================================================
Received Import Request.
  path: Assets/Animation/Boss/Boss.controller
  artifactKey: Guid(6bda1f5bf4224db44b12251ff5bfe8cb) Importer(815301076,1909f56bfc062723c751e8b465ee728b)
Start importing Assets/Animation/Boss/Boss.controller using Guid(6bda1f5bf4224db44b12251ff5bfe8cb) Importer(815301076,1909f56bfc062723c751e8b465ee728b)  -> (artifact id: '2e870c63a4db038556ae30cc0a4323e9') in 0.046206 seconds 
========================================================================
Received Import Request.
  Time since last request: 644.856097 seconds.
  path: Assets/Agent/Boss/BossHealth.cs
  artifactKey: Guid(ae776ef7fb190534dbfbb90484a1a9db) Importer(815301076,1909f56bfc062723c751e8b465ee728b)
Start importing Assets/Agent/Boss/BossHealth.cs using Guid(ae776ef7fb190534dbfbb90484a1a9db) Importer(815301076,1909f56bfc062723c751e8b465ee728b)  -> (artifact id: 'a5d928145b2bed8475ae87170e042492') in 0.009183 seconds 
========================================================================
Received Import Request.
  Time since last request: 128.966095 seconds.
  path: Assets/Agent/Boss/BossWeapon.cs
  artifactKey: Guid(3754e040110fdaf4eb3f15797fe5312c) Importer(815301076,1909f56bfc062723c751e8b465ee728b)
Start importing Assets/Agent/Boss/BossWeapon.cs using Guid(3754e040110fdaf4eb3f15797fe5312c) Importer(815301076,1909f56bfc062723c751e8b465ee728b)  -> (artifact id: '316d3e42613c4bad7cacc73efa29cb23') in 0.002215 seconds 
========================================================================
Received Import Request.
  Time since last request: 103.166651 seconds.
  path: Assets/Agent/Player/CharacterController2D.cs
  artifactKey: Guid(d08f91df3bd212f429df17f53ce2f364) Importer(815301076,1909f56bfc062723c751e8b465ee728b)
Start importing Assets/Agent/Player/CharacterController2D.cs using Guid(d08f91df3bd212f429df17f53ce2f364) Importer(815301076,1909f56bfc062723c751e8b465ee728b)  -> (artifact id: '599d1321999719519fe93d020849eaaa') in 0.002278 seconds 
========================================================================
Received Import Request.
  Time since last request: 94.529311 seconds.
  path: Assets/Agent/Player/Bullet.cs
  artifactKey: Guid(a4dba9a95fe7cd840b78c881a376ced9) Importer(815301076,1909f56bfc062723c751e8b465ee728b)
Start importing Assets/Agent/Player/Bullet.cs using Guid(a4dba9a95fe7cd840b78c881a376ced9) Importer(815301076,1909f56bfc062723c751e8b465ee728b)  -> (artifact id: 'cf1492c8bf89784c5f30ce1ef3b13f8e') in 0.002615 seconds 
========================================================================
Received Import Request.
  Time since last request: 11.962273 seconds.
  path: Assets/Agent/Player/PlayerHealth.cs
  artifactKey: Guid(ff5c276c313a2604cb010dfe3a72895d) Importer(815301076,1909f56bfc062723c751e8b465ee728b)
Start importing Assets/Agent/Player/PlayerHealth.cs using Guid(ff5c276c313a2604cb010dfe3a72895d) Importer(815301076,1909f56bfc062723c751e8b465ee728b)  -> (artifact id: '909b14b43c99df2527e8eb52cfdeed83') in 0.002384 seconds 
========================================================================
Received Import Request.
  Time since last request: 312.405996 seconds.
  path: Assets/Agent/Player/PlayerMovement.cs
  artifactKey: Guid(e5273cd41ac3c5246965ef9469d10dd7) Importer(815301076,1909f56bfc062723c751e8b465ee728b)
Start importing Assets/Agent/Player/PlayerMovement.cs using Guid(e5273cd41ac3c5246965ef9469d10dd7) Importer(815301076,1909f56bfc062723c751e8b465ee728b)  -> (artifact id: '3acd3174cb656106a93a9fb02f0afff6') in 0.002383 seconds 
========================================================================
Received Import Request.
  Time since last request: 290.726182 seconds.
  path: Assets/Agent/Player/PrefabWeapon.cs
  artifactKey: Guid(df60c8bec1b4a2e4c944bbabe45ce278) Importer(815301076,1909f56bfc062723c751e8b465ee728b)
Start importing Assets/Agent/Player/PrefabWeapon.cs using Guid(df60c8bec1b4a2e4c944bbabe45ce278) Importer(815301076,1909f56bfc062723c751e8b465ee728b)  -> (artifact id: '24e3b25063f703ecedcbfb3e31c4fc14') in 0.002358 seconds 
========================================================================
Received Import Request.
  Time since last request: 163.137657 seconds.
  path: Assets/Generator/Level/MapSettings.cs
  artifactKey: Guid(72922ab41e7dd4348a6bed1e9720b1d1) Importer(815301076,1909f56bfc062723c751e8b465ee728b)
Start importing Assets/Generator/Level/MapSettings.cs using Guid(72922ab41e7dd4348a6bed1e9720b1d1) Importer(815301076,1909f56bfc062723c751e8b465ee728b)  -> (artifact id: 'e3615aa95c888dac23f50ba4432660d5') in 0.002621 seconds 
========================================================================
Received Import Request.
  Time since last request: 10.151432 seconds.
  path: Assets/Generator/Level/LevelGenerator.cs
  artifactKey: Guid(22e19792c9ed7bc41a559baae0c2df81) Importer(815301076,1909f56bfc062723c751e8b465ee728b)
Start importing Assets/Generator/Level/LevelGenerator.cs using Guid(22e19792c9ed7bc41a559baae0c2df81) Importer(815301076,1909f56bfc062723c751e8b465ee728b)  -> (artifact id: 'e115ce2edbc6da5a6a5e9e6c48522d4d') in 0.002521 seconds 
========================================================================
Received Import Request.
  Time since last request: 187.848423 seconds.
  path: Assets/Generator/Level/PlayerEvent.cs
  artifactKey: Guid(9eeb34d698f1b8e40af434d6800cca47) Importer(815301076,1909f56bfc062723c751e8b465ee728b)
Start importing Assets/Generator/Level/PlayerEvent.cs using Guid(9eeb34d698f1b8e40af434d6800cca47) Importer(815301076,1909f56bfc062723c751e8b465ee728b)  -> (artifact id: 'ae116a9438024bb1d566af4a1d6ce6c5') in 0.002184 seconds 
========================================================================
Received Import Request.
  Time since last request: 5.066469 seconds.
  path: Assets/Generator/Level/PlayerEvent.cs
  artifactKey: Guid(9eeb34d698f1b8e40af434d6800cca47) Importer(815301076,1909f56bfc062723c751e8b465ee728b)
Start importing Assets/Generator/Level/PlayerEvent.cs using Guid(9eeb34d698f1b8e40af434d6800cca47) Importer(815301076,1909f56bfc062723c751e8b465ee728b)  -> (artifact id: 'b40b5af89f9598676257d7e8ddb73848') in 0.002141 seconds 
========================================================================
Received Prepare
Registering precompiled user dll's ...
Registered in 0.006266 seconds.
Begin MonoManager ReloadAssembly
Symbol file LoadedFromMemory doesn't match image D:\github\Tech_Demo\Library\PackageCache\com.unity.collab-proxy@1.15.15\Lib\Editor\PlasticSCM\unityplastic.dll
Native extension for WindowsStandalone target not found
Refreshing native plugins compatible for Editor in 0.73 ms, found 2 plugins.
Preloading 0 native plugins for Editor in 0.00 ms.
Mono: successfully reloaded assembly
- Completed reload, in  0.829 seconds
Domain Reload Profiling:
	ReloadAssembly (829ms)
		BeginReloadAssembly (132ms)
			ExecutionOrderSort (0ms)
			DisableScriptedObjects (5ms)
			BackupInstance (0ms)
			ReleaseScriptingObjects (0ms)
			CreateAndSetChildDomain (31ms)
		EndReloadAssembly (656ms)
			LoadAssemblies (131ms)
			RebuildTransferFunctionScriptingTraits (0ms)
			SetupTypeCache (205ms)
			ReleaseScriptCaches (1ms)
			RebuildScriptCaches (29ms)
			SetupLoadedEditorAssemblies (271ms)
				LogAssemblyErrors (0ms)
				InitializePlatformSupportModulesInManaged (3ms)
				SetLoadedEditorAssemblies (0ms)
				RefreshPlugins (1ms)
				BeforeProcessingInitializeOnLoad (61ms)
				ProcessInitializeOnLoadAttributes (156ms)
				ProcessInitializeOnLoadMethodAttributes (48ms)
				AfterProcessingInitializeOnLoad (2ms)
				EditorAssembliesLoaded (0ms)
			ExecutionOrderSort2 (0ms)
			AwakeInstancesAfterBackupRestoration (6ms)
Platform modules already initialized, skipping
Refreshing native plugins compatible for Editor in 0.71 ms, found 2 plugins.
Preloading 0 native plugins for Editor in 0.00 ms.
Unloading 2496 Unused Serialized files (Serialized files now loaded: 0)
System memory in use before: 97.4 MB.
System memory in use after: 97.6 MB.

Unloading 51 unused Assets to reduce memory usage. Loaded Objects now: 2912.
Total: 5.313900 ms (FindLiveObjects: 0.179400 ms CreateObjectMapping: 0.066800 ms MarkObjects: 5.033000 ms  DeleteObjects: 0.033200 ms)

AssetImportParameters requested are different than current active one (requested -> active):
  custom:framework-win-MediaFoundation: 216162199b28c13a410421893ffa2e32 -> 
  custom:video-decoder-ogg-theora: a1e56fd34408186e4bbccfd4996cb3dc -> 
  custom:container-muxer-webm: aa71ff27fc2769a1b78a27578f13a17b -> 
  custom:container-demuxer-webm: 4f35f7cbe854078d1ac9338744f61a02 -> 
  custom:container-demuxer-ogg: 62fdf1f143b41e24485cea50d1cbac27 -> 
  custom:video-encoder-webm-vp8: eb34c28f22e8b96e1ab97ce403110664 -> 
  custom:video-codec-MediaFoundation-h265: 746d11721c4dcdbdad8f713fa42b33f4 -> 
  custom:video-decoder-webm-vp8: 9c59270c3fd7afecdb556c50c9e8de78 -> 
  custom:audio-decoder-ogg-vorbis: bf7c407c2cedff20999df2af8eb42d56 -> 
  custom:audio-encoder-webm-vorbis: bf7c407c2cedff20999df2af8eb42d56 -> 
========================================================================
Received Import Request.
  Time since last request: 9058.511909 seconds.
  path: Assets/Agent/Boss/Boss.cs
  artifactKey: Guid(19386683611c4dd47940d068325208d6) Importer(815301076,1909f56bfc062723c751e8b465ee728b)
Start importing Assets/Agent/Boss/Boss.cs using Guid(19386683611c4dd47940d068325208d6) Importer(815301076,1909f56bfc062723c751e8b465ee728b)  -> (artifact id: 'd72908f16ff6d1b5a8b48dda717a0ee0') in 0.006322 seconds 
========================================================================
Received Prepare
Registering precompiled user dll's ...
Registered in 0.006198 seconds.
Begin MonoManager ReloadAssembly
Symbol file LoadedFromMemory doesn't match image D:\github\Tech_Demo\Library\PackageCache\com.unity.collab-proxy@1.15.15\Lib\Editor\PlasticSCM\unityplastic.dll
Native extension for WindowsStandalone target not found
Refreshing native plugins compatible for Editor in 0.73 ms, found 2 plugins.
Preloading 0 native plugins for Editor in 0.00 ms.
Mono: successfully reloaded assembly
- Completed reload, in  0.835 seconds
Domain Reload Profiling:
	ReloadAssembly (836ms)
		BeginReloadAssembly (130ms)
			ExecutionOrderSort (0ms)
			DisableScriptedObjects (5ms)
			BackupInstance (0ms)
			ReleaseScriptingObjects (0ms)
			CreateAndSetChildDomain (32ms)
		EndReloadAssembly (664ms)
			LoadAssemblies (131ms)
			RebuildTransferFunctionScriptingTraits (0ms)
			SetupTypeCache (205ms)
			ReleaseScriptCaches (1ms)
			RebuildScriptCaches (30ms)
			SetupLoadedEditorAssemblies (276ms)
				LogAssemblyErrors (0ms)
				InitializePlatformSupportModulesInManaged (3ms)
				SetLoadedEditorAssemblies (0ms)
				RefreshPlugins (1ms)
				BeforeProcessingInitializeOnLoad (61ms)
				ProcessInitializeOnLoadAttributes (157ms)
				ProcessInitializeOnLoadMethodAttributes (52ms)
				AfterProcessingInitializeOnLoad (2ms)
				EditorAssembliesLoaded (0ms)
			ExecutionOrderSort2 (0ms)
			AwakeInstancesAfterBackupRestoration (5ms)
Platform modules already initialized, skipping
Refreshing native plugins compatible for Editor in 0.72 ms, found 2 plugins.
Preloading 0 native plugins for Editor in 0.00 ms.
Unloading 2496 Unused Serialized files (Serialized files now loaded: 0)
System memory in use before: 97.4 MB.
System memory in use after: 97.6 MB.

Unloading 51 unused Assets to reduce memory usage. Loaded Objects now: 2915.
Total: 5.397300 ms (FindLiveObjects: 0.176200 ms CreateObjectMapping: 0.059000 ms MarkObjects: 5.127300 ms  DeleteObjects: 0.033700 ms)

AssetImportParameters requested are different than current active one (requested -> active):
  custom:framework-win-MediaFoundation: 216162199b28c13a410421893ffa2e32 -> 
  custom:video-decoder-ogg-theora: a1e56fd34408186e4bbccfd4996cb3dc -> 
  custom:container-muxer-webm: aa71ff27fc2769a1b78a27578f13a17b -> 
  custom:container-demuxer-webm: 4f35f7cbe854078d1ac9338744f61a02 -> 
  custom:container-demuxer-ogg: 62fdf1f143b41e24485cea50d1cbac27 -> 
  custom:video-encoder-webm-vp8: eb34c28f22e8b96e1ab97ce403110664 -> 
  custom:video-codec-MediaFoundation-h265: 746d11721c4dcdbdad8f713fa42b33f4 -> 
  custom:video-decoder-webm-vp8: 9c59270c3fd7afecdb556c50c9e8de78 -> 
  custom:audio-decoder-ogg-vorbis: bf7c407c2cedff20999df2af8eb42d56 -> 
  custom:audio-encoder-webm-vorbis: bf7c407c2cedff20999df2af8eb42d56 -> 
========================================================================
Received Import Request.
  Time since last request: 88.787870 seconds.
  path: Assets/Agent/Boss/Boss.cs
  artifactKey: Guid(19386683611c4dd47940d068325208d6) Importer(815301076,1909f56bfc062723c751e8b465ee728b)
Start importing Assets/Agent/Boss/Boss.cs using Guid(19386683611c4dd47940d068325208d6) Importer(815301076,1909f56bfc062723c751e8b465ee728b)  -> (artifact id: '8d5b17826434d471ae16f6fb96673f9d') in 0.005656 seconds 
========================================================================
Received Prepare
Registering precompiled user dll's ...
Registered in 0.006246 seconds.
Begin MonoManager ReloadAssembly
Symbol file LoadedFromMemory doesn't match image D:\github\Tech_Demo\Library\PackageCache\com.unity.collab-proxy@1.15.15\Lib\Editor\PlasticSCM\unityplastic.dll
Native extension for WindowsStandalone target not found
Refreshing native plugins compatible for Editor in 0.72 ms, found 2 plugins.
Preloading 0 native plugins for Editor in 0.00 ms.
Mono: successfully reloaded assembly
- Completed reload, in  0.857 seconds
Domain Reload Profiling:
	ReloadAssembly (858ms)
		BeginReloadAssembly (126ms)
			ExecutionOrderSort (0ms)
			DisableScriptedObjects (4ms)
			BackupInstance (0ms)
			ReleaseScriptingObjects (0ms)
			CreateAndSetChildDomain (31ms)
		EndReloadAssembly (680ms)
			LoadAssemblies (130ms)
			RebuildTransferFunctionScriptingTraits (0ms)
			SetupTypeCache (210ms)
			ReleaseScriptCaches (1ms)
			RebuildScriptCaches (30ms)
			SetupLoadedEditorAssemblies (283ms)
				LogAssemblyErrors (0ms)
				InitializePlatformSupportModulesInManaged (3ms)
				SetLoadedEditorAssemblies (0ms)
				RefreshPlugins (1ms)
				BeforeProcessingInitializeOnLoad (65ms)
				ProcessInitializeOnLoadAttributes (160ms)
				ProcessInitializeOnLoadMethodAttributes (52ms)
				AfterProcessingInitializeOnLoad (2ms)
				EditorAssembliesLoaded (0ms)
			ExecutionOrderSort2 (0ms)
			AwakeInstancesAfterBackupRestoration (5ms)
Platform modules already initialized, skipping
Refreshing native plugins compatible for Editor in 0.73 ms, found 2 plugins.
Preloading 0 native plugins for Editor in 0.00 ms.
Unloading 2496 Unused Serialized files (Serialized files now loaded: 0)
System memory in use before: 97.4 MB.
System memory in use after: 97.7 MB.

Unloading 51 unused Assets to reduce memory usage. Loaded Objects now: 2918.
Total: 5.550200 ms (FindLiveObjects: 0.196000 ms CreateObjectMapping: 0.067300 ms MarkObjects: 5.253000 ms  DeleteObjects: 0.032500 ms)

AssetImportParameters requested are different than current active one (requested -> active):
  custom:framework-win-MediaFoundation: 216162199b28c13a410421893ffa2e32 -> 
  custom:video-decoder-ogg-theora: a1e56fd34408186e4bbccfd4996cb3dc -> 
  custom:container-muxer-webm: aa71ff27fc2769a1b78a27578f13a17b -> 
  custom:container-demuxer-webm: 4f35f7cbe854078d1ac9338744f61a02 -> 
  custom:container-demuxer-ogg: 62fdf1f143b41e24485cea50d1cbac27 -> 
  custom:video-encoder-webm-vp8: eb34c28f22e8b96e1ab97ce403110664 -> 
  custom:video-codec-MediaFoundation-h265: 746d11721c4dcdbdad8f713fa42b33f4 -> 
  custom:video-decoder-webm-vp8: 9c59270c3fd7afecdb556c50c9e8de78 -> 
  custom:audio-decoder-ogg-vorbis: bf7c407c2cedff20999df2af8eb42d56 -> 
  custom:audio-encoder-webm-vorbis: bf7c407c2cedff20999df2af8eb42d56 -> 
